[12-May-2018 14:52:20 UTC] PHP Fatal error:  Class 'Tranquility\Resources\Resource' not found in C:\Development\PHP projects\tranquil-api\src\classes\Resources\AccountResource.php on line 6
[12-May-2018 14:53:39 UTC] PHP Fatal error:  Class 'Tranquility\System\Enums\AbstractEnum' not found in C:\Development\PHP projects\tranquil-api\src\classes\System\Enums\TransactionSourceEnum.php on line 12
[12-May-2018 14:55:53 UTC] PHP Fatal error:  Class 'Tranquility\System\Enums\AbstractEnum' not found in C:\Development\PHP projects\tranquil-api\src\classes\System\Enums\TransactionSourceEnum.php on line 12
[12-May-2018 15:57:47 UTC] PHP Fatal error:  Class 'Tranquility\Resources\Resource' not found in C:\Development\PHP projects\tranquil-api\src\classes\Resources\UserResource.php on line 6
[12-May-2018 15:58:05 UTC] PHP Fatal error:  Class 'Tranquility\Data\Entities\Entity' not found in C:\Development\PHP projects\tranquil-api\src\classes\Data\Entities\UserEntity.php on line 7
[12-May-2018 16:06:29 UTC] PHP Fatal error:  Class 'Tranquility\Data\Entities\Entity' not found in C:\Development\PHP projects\tranquil-api\src\classes\Data\Entities\UserEntity.php on line 7
[12-May-2018 16:06:50 UTC] PHP Fatal error:  Class 'Tranquility\Data\Entities\AbstractEntity' not found in C:\Development\PHP projects\tranquil-api\src\classes\Data\Entities\UserEntity.php on line 7
[12-May-2018 16:25:10 UTC] PHP Warning:  Use of undefined constant driver - assumed 'driver' (this will throw an Error in a future version of PHP) in C:\Development\PHP projects\tranquil-api\src\classes\Services\EntityManagerService.php on line 37
[12-May-2018 16:26:55 UTC] PHP Fatal error:  Class 'Tranquility\Data\Repositories\Repository' not found in C:\Development\PHP projects\tranquil-api\src\classes\Data\Repositories\EntityRepository.php on line 6
[12-May-2018 16:27:24 UTC] PHP Fatal error:  Class 'Tranquility\Data\Repositories\AbstractRepository' not found in C:\Development\PHP projects\tranquil-api\src\classes\Data\Repositories\EntityRepository.php on line 6
[12-May-2018 16:38:27 UTC] PHP Fatal error:  Class 'Tranquility\Data\Repositories\AbstractRepository' not found in C:\Development\PHP projects\tranquil-api\src\classes\Data\Repositories\EntityRepository.php on line 6
[12-May-2018 16:48:06 UTC] PHP Fatal error:  Interface 'Tranquility\Data\Entities\JsonSerializable' not found in C:\Development\PHP projects\tranquil-api\src\classes\Data\Entities\AbstractEntity.php on line 13
[12-May-2018 16:48:13 UTC] PHP Fatal error:  Class Tranquility\Data\Entities\UserEntity contains 1 abstract method and must therefore be declared abstract or implement the remaining methods (JsonSerializable::jsonSerialize) in C:\Development\PHP projects\tranquil-api\src\classes\Data\Entities\UserEntity.php on line 10
[16-May-2018 00:33:35 UTC] PHP Warning:  Declaration of Tranquility\Transformers\UserTransformer::transform(Tranquility\Data\Entities\UserEntity $user) should be compatible with Tranquility\Transformers\AbstractTransformer::transform(Tranquility\Data\Entities\AbstractEntity $entity) in C:\Development\PHP projects\tranquil-api\src\classes\Transformers\UserTransformer.php on line 6
[16-May-2018 00:33:35 UTC] PHP Notice:  Undefined variable: fractal in C:\Development\PHP projects\tranquil-api\src\classes\Controllers\UserController.php on line 39
[16-May-2018 00:33:53 UTC] PHP Warning:  Declaration of Tranquility\Transformers\UserTransformer::transform(Tranquility\Data\Entities\UserEntity $user) should be compatible with Tranquility\Transformers\AbstractTransformer::transform(Tranquility\Data\Entities\AbstractEntity $entity) in C:\Development\PHP projects\tranquil-api\src\classes\Transformers\UserTransformer.php on line 6
[05-Jun-2018 18:04:05 UTC] PHP Notice:  Undefined variable: manager in C:\Development\PHP projects\tranquility-api\src\classes\Services\ControllerService.php on line 29
[05-Jun-2018 18:04:36 UTC] PHP Notice:  Undefined property: Tranquility\Controllers\UserController::$resource in C:\Development\PHP projects\tranquility-api\src\classes\Controllers\UserController.php on line 17
[06-Jun-2018 00:33:54 UTC] PHP Notice:  Undefined variable: response in C:\Development\PHP projects\tranquility-api\src\classes\Controllers\AbstractController.php on line 32
[07-Jun-2018 17:13:59 UTC] PHP Fatal error:  Class 'Tranquility\Transformers\AbstractEntityTransformer' not found in C:\Development\PHP projects\tranquility-api\src\classes\Transformers\UserTransformer.php on line 7
[07-Jun-2018 17:14:45 UTC] PHP Warning:  Declaration of Tranquility\Transformers\UserTransformer::transform(Tranquility\Transformers\AbstractEntity $user) should be compatible with Tranquility\Transformers\AbstractEntityTransformer::transform(Tranquility\Data\Entities\AbstractEntity $entity) in C:\Development\PHP projects\tranquility-api\src\classes\Transformers\UserTransformer.php on line 7
